TN:
SF:src/errors.ts
FN:12,getSuggestionForStatus
FN:26,toMcpError
FNF:2
FNH:2
FNDA:1,getSuggestionForStatus
FNDA:4,toMcpError
DA:1,2
DA:13,1
DA:14,1
DA:16,0
DA:18,0
DA:20,1
DA:22,0
DA:26,2
DA:27,4
DA:28,1
DA:29,1
DA:33,1
DA:47,3
DA:48,3
DA:57,0
LF:15
LH:11
BRDA:13,0,0,0
BRDA:13,0,1,1
BRDA:14,1,0,0
BRDA:14,1,1,0
BRDA:14,1,2,1
BRDA:14,1,3,0
BRDA:27,2,0,1
BRDA:27,2,1,3
BRDA:36,3,0,1
BRDA:36,3,1,0
BRDA:37,4,0,1
BRDA:37,4,1,0
BRDA:37,5,0,1
BRDA:37,5,1,1
BRDA:47,6,0,3
BRDA:47,6,1,0
BRF:16
BRH:9
end_of_record
TN:
SF:src/mappers.ts
FN:3,toVehicleListItem
FN:15,toStateSummary
FN:40,toBatterySummary
FN:50,toDriveSummary
FNF:4
FNH:4
FNDA:1,toVehicleListItem
FNDA:1,toStateSummary
FNDA:1,toBatterySummary
FNDA:1,toDriveSummary
DA:3,1
DA:4,1
DA:15,1
DA:16,1
DA:40,1
DA:41,1
DA:50,1
DA:51,1
LF:8
LH:8
BRDA:7,0,0,1
BRDA:7,0,1,1
BRDA:7,0,2,1
BRDA:10,1,0,1
BRDA:10,1,1,1
BRDA:10,1,2,1
BRDA:11,2,0,1
BRDA:11,2,1,1
BRDA:11,2,2,1
BRDA:18,3,0,1
BRDA:18,3,1,0
BRDA:22,4,0,1
BRDA:22,4,1,0
BRDA:23,5,0,1
BRDA:23,5,1,0
BRDA:24,6,0,1
BRDA:24,6,1,0
BRDA:26,7,0,1
BRDA:26,7,1,0
BRDA:27,8,0,1
BRDA:27,8,1,0
BRDA:32,9,0,1
BRDA:32,9,1,0
BRDA:33,10,0,1
BRDA:33,10,1,0
BRDA:34,11,0,1
BRDA:34,11,1,0
BRDA:43,12,0,1
BRDA:43,12,1,1
BRDA:44,13,0,1
BRDA:44,13,1,1
BRDA:52,14,0,1
BRDA:52,14,1,1
BRDA:53,15,0,1
BRDA:53,15,1,1
BRDA:54,16,0,1
BRDA:54,16,1,1
BRDA:55,17,0,1
BRDA:55,17,1,1
BRDA:56,18,0,1
BRDA:56,18,1,1
BRDA:58,19,0,1
BRDA:58,19,1,1
BRDA:58,19,2,1
BRF:44
BRH:35
end_of_record
TN:
SF:src/tessie-client.ts
FN:27,assertResultsArray
FN:72,(anonymous_2)
FN:78,(anonymous_3)
FN:95,(anonymous_4)
FN:101,(anonymous_5)
FN:112,(anonymous_6)
FN:134,(anonymous_7)
FN:138,(anonymous_8)
FN:146,(anonymous_9)
FN:150,(anonymous_10)
FN:160,(anonymous_11)
FN:177,(anonymous_12)
FN:187,(anonymous_13)
FN:195,(anonymous_14)
FN:208,(anonymous_15)
FN:228,(anonymous_16)
FN:233,(anonymous_17)
FN:238,(anonymous_18)
FN:239,(anonymous_19)
FN:255,(anonymous_20)
FN:257,(anonymous_21)
FN:258,(anonymous_22)
FN:265,(anonymous_23)
FN:267,(anonymous_24)
FN:268,(anonymous_25)
FN:275,(anonymous_26)
FN:280,(anonymous_27)
FN:281,(anonymous_28)
FN:292,(anonymous_29)
FN:297,(anonymous_30)
FN:298,(anonymous_31)
FN:312,(anonymous_32)
FN:317,(anonymous_33)
FN:318,(anonymous_34)
FN:328,(anonymous_35)
FN:333,(anonymous_36)
FNF:36
FNH:31
FNDA:7,assertResultsArray
FNDA:0,(anonymous_2)
FNDA:0,(anonymous_3)
FNDA:4,(anonymous_4)
FNDA:4,(anonymous_5)
FNDA:10,(anonymous_6)
FNDA:5,(anonymous_7)
FNDA:4,(anonymous_8)
FNDA:22,(anonymous_9)
FNDA:22,(anonymous_10)
FNDA:17,(anonymous_11)
FNDA:15,(anonymous_12)
FNDA:4,(anonymous_13)
FNDA:2,(anonymous_14)
FNDA:19,(anonymous_15)
FNDA:2,(anonymous_16)
FNDA:7,(anonymous_17)
FNDA:6,(anonymous_18)
FNDA:6,(anonymous_19)
FNDA:10,(anonymous_20)
FNDA:8,(anonymous_21)
FNDA:10,(anonymous_22)
FNDA:0,(anonymous_23)
FNDA:0,(anonymous_24)
FNDA:0,(anonymous_25)
FNDA:2,(anonymous_26)
FNDA:1,(anonymous_27)
FNDA:1,(anonymous_28)
FNDA:1,(anonymous_29)
FNDA:1,(anonymous_30)
FNDA:1,(anonymous_31)
FNDA:2,(anonymous_32)
FNDA:1,(anonymous_33)
FNDA:1,(anonymous_34)
FNDA:2,(anonymous_35)
FNDA:2,(anonymous_36)
DA:1,1
DA:2,1
DA:10,1
DA:11,1
DA:12,1
DA:13,1
DA:15,1
DA:16,1
DA:17,1
DA:18,1
DA:19,1
DA:20,1
DA:21,1
DA:33,7
DA:34,5
DA:35,2
DA:36,2
DA:38,7
DA:39,2
DA:41,5
DA:43,0
DA:47,0
DA:48,0
DA:51,5
DA:63,1
DA:65,10
DA:66,10
DA:67,10
DA:68,10
DA:69,10
DA:70,10
DA:73,0
DA:74,0
DA:75,0
DA:77,0
DA:78,0
DA:80,0
DA:81,0
DA:82,0
DA:84,0
DA:85,0
DA:86,0
DA:87,0
DA:88,0
DA:90,0
DA:92,0
DA:96,4
DA:97,0
DA:98,0
DA:102,4
DA:103,0
DA:104,0
DA:105,0
DA:106,0
DA:108,0
DA:120,10
DA:121,10
DA:122,10
DA:135,5
DA:136,5
DA:137,5
DA:138,5
DA:139,5
DA:141,0
DA:142,0
DA:147,22
DA:151,22
DA:152,22
DA:153,22
DA:154,4
DA:156,18
DA:157,18
DA:158,1
DA:160,17
DA:161,17
DA:163,15
DA:164,15
DA:165,15
DA:166,15
DA:167,15
DA:169,17
DA:170,17
DA:171,17
DA:173,17
DA:178,15
DA:180,15
DA:181,22
DA:182,0
DA:186,15
DA:187,4
DA:188,2
DA:189,2
DA:190,2
DA:191,2
DA:196,2
DA:197,3
DA:198,3
DA:199,0
DA:200,0
DA:202,3
DA:203,2
DA:209,19
DA:211,19
DA:212,21
DA:213,21
DA:215,4
DA:216,4
DA:217,4
DA:223,4
DA:224,4
DA:225,2
DA:227,2
DA:228,2
DA:234,7
DA:238,7
DA:239,6
DA:240,6
DA:241,6
DA:242,0
DA:244,6
DA:250,6
DA:256,10
DA:257,10
DA:258,8
DA:259,10
DA:260,8
DA:266,0
DA:267,0
DA:268,0
DA:269,0
DA:270,0
DA:279,2
DA:280,2
DA:281,1
DA:282,1
DA:283,1
DA:284,1
DA:285,1
DA:286,1
DA:287,1
DA:296,1
DA:297,1
DA:298,1
DA:299,1
DA:300,1
DA:301,1
DA:302,1
DA:303,1
DA:304,1
DA:306,1
DA:307,1
DA:316,2
DA:317,2
DA:318,1
DA:319,1
DA:320,1
DA:321,1
DA:322,1
DA:323,1
DA:333,2
DA:334,2
DA:335,2
DA:337,2
DA:338,2
LF:164
LH:128
BRDA:15,0,0,1
BRDA:15,0,1,1
BRDA:33,1,0,5
BRDA:33,1,1,2
BRDA:35,2,0,2
BRDA:35,2,1,0
BRDA:35,3,0,2
BRDA:35,3,1,2
BRDA:35,3,2,2
BRDA:38,4,0,2
BRDA:38,4,1,5
BRDA:43,5,0,0
BRDA:43,5,1,0
BRDA:43,5,2,0
BRDA:43,5,3,0
BRDA:47,6,0,0
BRDA:47,6,1,0
BRDA:72,7,0,0
BRDA:74,8,0,0
BRDA:74,8,1,0
BRDA:77,9,0,0
BRDA:77,9,1,0
BRDA:80,10,0,0
BRDA:80,10,1,0
BRDA:80,11,0,0
BRDA:80,11,1,0
BRDA:81,12,0,0
BRDA:81,12,1,0
BRDA:87,13,0,0
BRDA:87,13,1,0
BRDA:95,14,0,0
BRDA:96,15,0,4
BRDA:96,15,1,0
BRDA:102,16,0,4
BRDA:102,16,1,0
BRDA:120,17,0,10
BRDA:120,17,1,10
BRDA:121,18,0,10
BRDA:121,18,1,9
BRDA:123,19,0,10
BRDA:123,19,1,10
BRDA:135,20,0,0
BRDA:135,20,1,5
BRDA:153,21,0,4
BRDA:153,21,1,18
BRDA:153,22,0,22
BRDA:153,22,1,5
BRDA:157,23,0,1
BRDA:157,23,1,17
BRDA:181,24,0,0
BRDA:181,24,1,22
BRDA:186,25,0,13
BRDA:186,25,1,2
BRDA:198,26,0,0
BRDA:198,26,1,3
BRDA:202,27,0,2
BRDA:202,27,1,1
BRDA:202,28,0,3
BRDA:202,28,1,3
BRDA:223,29,0,4
BRDA:223,29,1,4
BRDA:223,29,2,2
BRDA:224,30,0,2
BRDA:224,30,1,2
BRDA:224,31,0,4
BRDA:224,31,1,2
BRDA:236,32,0,0
BRDA:236,32,1,7
BRDA:236,33,0,0
BRDA:236,33,1,7
BRDA:241,34,0,0
BRDA:241,34,1,6
BRDA:283,35,0,1
BRDA:283,35,1,0
BRDA:284,36,0,1
BRDA:284,36,1,0
BRDA:285,37,0,0
BRDA:285,37,1,1
BRDA:300,38,0,0
BRDA:300,38,1,1
BRDA:301,39,0,0
BRDA:301,39,1,1
BRDA:302,40,0,1
BRDA:302,40,1,0
BRDA:320,41,0,1
BRDA:320,41,1,0
BRDA:321,42,0,1
BRDA:321,42,1,0
BRDA:331,43,0,0
BRF:89
BRH:51
end_of_record
